#-----------------------------------------------------------
# Vivado v2019.1 (64-bit)
# SW Build 2552052 on Fri May 24 14:49:42 MDT 2019
# IP Build 2548770 on Fri May 24 18:01:18 MDT 2019
# Start of session at: Sun Nov 10 17:00:47 2024
# Process ID: 25236
# Current directory: C:/Users/Wiktor/Documents/studia/sem5/designlab/verilog1
# Command line: vivado.exe -gui_launcher_event rodinguilauncherevent25904 C:\Users\Wiktor\Documents\studia\sem5\designlab\verilog1\verilog1.xpr
# Log file: C:/Users/Wiktor/Documents/studia/sem5/designlab/verilog1/vivado.log
# Journal file: C:/Users/Wiktor/Documents/studia/sem5/designlab/verilog1\vivado.jou
#-----------------------------------------------------------
start_gui
open_project C:/Users/Wiktor/Documents/studia/sem5/designlab/verilog1/verilog1.xpr
Scanning sources...
Finished scanning sources
INFO: [IP_Flow 19-234] Refreshing IP repositories
INFO: [IP_Flow 19-1704] No user IP repositories specified
INFO: [IP_Flow 19-2313] Loaded Vivado IP repository 'C:/Xilinx/Vivado/2019.1/data/ip'.
open_project: Time (s): cpu = 00:00:11 ; elapsed = 00:00:08 . Memory (MB): peak = 751.086 ; gain = 118.980
update_compile_order -fileset sources_1
launch_simulation
INFO: [Vivado 12-5682] Launching behavioral simulation in 'C:/Users/Wiktor/Documents/studia/sem5/designlab/verilog1/verilog1.sim/sim_1/behav/xsim'
INFO: [SIM-utils-51] Simulation object is 'sim_1'
INFO: [SIM-utils-54] Inspecting design source files for 'tb_try1' in fileset 'sim_1'...
INFO: [USF-XSim-97] Finding global include files...
INFO: [USF-XSim-98] Fetching design files from 'sim_1'...
INFO: [USF-XSim-2] XSim::Compile design
INFO: [USF-XSim-61] Executing 'COMPILE and ANALYZE' step in 'C:/Users/Wiktor/Documents/studia/sem5/designlab/verilog1/verilog1.sim/sim_1/behav/xsim'
"xvlog --incr --relax -prj tb_try1_vlog.prj"
INFO: [USF-XSim-69] 'compile' step finished in '3' seconds
INFO: [USF-XSim-3] XSim::Elaborate design
INFO: [USF-XSim-61] Executing 'ELABORATE' step in 'C:/Users/Wiktor/Documents/studia/sem5/designlab/verilog1/verilog1.sim/sim_1/behav/xsim'
"xelab -wto 0c846898afc24db493e4130384ed92d0 --incr --debug typical --relax --mt 2 -L xil_defaultlib -L unisims_ver -L unimacro_ver -L secureip --snapshot tb_try1_behav xil_defaultlib.tb_try1 xil_defaultlib.glbl -log elaborate.log"
Vivado Simulator 2019.1
Copyright 1986-1999, 2001-2019 Xilinx, Inc. All Rights Reserved.
Running: C:/Xilinx/Vivado/2019.1/bin/unwrapped/win64.o/xelab.exe -wto 0c846898afc24db493e4130384ed92d0 --incr --debug typical --relax --mt 2 -L xil_defaultlib -L unisims_ver -L unimacro_ver -L secureip --snapshot tb_try1_behav xil_defaultlib.tb_try1 xil_defaultlib.glbl -log elaborate.log 
Using 2 slave threads.
Starting static elaboration
Completed static elaboration
INFO: [XSIM 43-4323] No Change in HDL. Linking previously generated obj files to create kernel
INFO: [USF-XSim-69] 'elaborate' step finished in '2' seconds
INFO: [USF-XSim-4] XSim::Simulate design
INFO: [USF-XSim-61] Executing 'SIMULATE' step in 'C:/Users/Wiktor/Documents/studia/sem5/designlab/verilog1/verilog1.sim/sim_1/behav/xsim'
INFO: [USF-XSim-98] *** Running xsim
   with args "tb_try1_behav -key {Behavioral:sim_1:Functional:tb_try1} -tclbatch {tb_try1.tcl} -log {simulate.log}"
INFO: [USF-XSim-8] Loading simulator feature
Vivado Simulator 2019.1
Time resolution is 1 ps
source tb_try1.tcl
# set curr_wave [current_wave_config]
# if { [string length $curr_wave] == 0 } {
#   if { [llength [get_objects]] > 0} {
#     add_wave /
#     set_property needs_save false [current_wave_config]
#   } else {
#      send_msg_id Add_Wave-1 WARNING "No top level signals found. Simulator will start without a wave window. If you want to open a wave window go to 'File->New Waveform Configuration' or type 'create_wave_config' in the TCL console."
#   }
# }
# run 1000ns
$finish called at time : 80 ns : File "C:/Users/Wiktor/Documents/studia/sem5/designlab/verilog1/verilog1.srcs/sim_1/new/tb_try1.v" Line 26
INFO: [USF-XSim-96] XSim completed. Design snapshot 'tb_try1_behav' loaded.
INFO: [USF-XSim-97] XSim simulation ran for 1000ns
launch_simulation: Time (s): cpu = 00:00:07 ; elapsed = 00:00:11 . Memory (MB): peak = 813.152 ; gain = 36.105
close_sim
INFO: [Simtcl 6-16] Simulation closed
exit
INFO: [Common 17-206] Exiting Vivado at Sun Nov 10 17:02:30 2024...
